.\Debug\MultiCCDBasedOnLinux.bsc
.\Debug\MultiCCDBasedOnLinux.ilk
.\Debug\MultiCCDBasedOnLinux.pdb
D:\workspace\MultiCCDBasedOnLinux4 - 副本\.\Debug\MultiCCDBasedOnLinux.exe
D:\workspace\MultiCCDBasedOnLinux4 - 副本\.\Debug\MultiCCDBasedOnLinux.exe.intermediate.manifest
D:\workspace\MultiCCDBasedOnLinux4 - 副本\Debug\BscMake.command.1.tlog
D:\workspace\MultiCCDBasedOnLinux4 - 副本\Debug\bscmake.read.1.tlog
D:\workspace\MultiCCDBasedOnLinux4 - 副本\Debug\bscmake.write.1.tlog
D:\WORKSPACE\MULTICCDBASEDONLINUX4 - 副本\DEBUG\CCDCTRLDLG.OBJ
D:\WORKSPACE\MULTICCDBASEDONLINUX4 - 副本\DEBUG\CCDCTRLDLG.SBR
D:\workspace\MultiCCDBasedOnLinux4 - 副本\Debug\cl.command.1.tlog
D:\workspace\MultiCCDBasedOnLinux4 - 副本\Debug\CL.read.1.tlog
D:\workspace\MultiCCDBasedOnLinux4 - 副本\Debug\CL.write.1.tlog
D:\WORKSPACE\MULTICCDBASEDONLINUX4 - 副本\DEBUG\GWACDLG.OBJ
D:\WORKSPACE\MULTICCDBASEDONLINUX4 - 副本\DEBUG\GWACDLG.SBR
D:\workspace\MultiCCDBasedOnLinux4 - 副本\Debug\link.command.1.tlog
D:\workspace\MultiCCDBasedOnLinux4 - 副本\Debug\link.read.1.tlog
D:\workspace\MultiCCDBasedOnLinux4 - 副本\Debug\link.write.1.tlog
D:\workspace\MultiCCDBasedOnLinux4 - 副本\Debug\link-cvtres.read.1.tlog
D:\workspace\MultiCCDBasedOnLinux4 - 副本\Debug\link-cvtres.write.1.tlog
D:\WORKSPACE\MULTICCDBASEDONLINUX4 - 副本\DEBUG\MARKUP.OBJ
D:\WORKSPACE\MULTICCDBASEDONLINUX4 - 副本\DEBUG\MARKUP.SBR
D:\WORKSPACE\MULTICCDBASEDONLINUX4 - 副本\DEBUG\MINIGWACCTRLINTF.OBJ
D:\WORKSPACE\MULTICCDBASEDONLINUX4 - 副本\DEBUG\MINIGWACCTRLINTF.SBR
D:\workspace\MultiCCDBasedOnLinux4 - 副本\Debug\mt.command.1.tlog
D:\workspace\MultiCCDBasedOnLinux4 - 副本\Debug\mt.read.1.tlog
D:\workspace\MultiCCDBasedOnLinux4 - 副本\Debug\mt.write.1.tlog
D:\WORKSPACE\MULTICCDBASEDONLINUX4 - 副本\DEBUG\MULTICCDBASEDONLINUX.BSC
D:\WORKSPACE\MULTICCDBASEDONLINUX4 - 副本\DEBUG\MULTICCDBASEDONLINUX.EXE
D:\WORKSPACE\MULTICCDBASEDONLINUX4 - 副本\DEBUG\MULTICCDBASEDONLINUX.EXE.EMBED.MANIFEST
D:\WORKSPACE\MULTICCDBASEDONLINUX4 - 副本\DEBUG\MULTICCDBASEDONLINUX.EXE.EMBED.MANIFEST.RES
D:\WORKSPACE\MULTICCDBASEDONLINUX4 - 副本\DEBUG\MULTICCDBASEDONLINUX.EXE.INTERMEDIATE.MANIFEST
D:\WORKSPACE\MULTICCDBASEDONLINUX4 - 副本\DEBUG\MULTICCDBASEDONLINUX.ILK
D:\WORKSPACE\MULTICCDBASEDONLINUX4 - 副本\DEBUG\MULTICCDBASEDONLINUX.OBJ
D:\WORKSPACE\MULTICCDBASEDONLINUX4 - 副本\DEBUG\MULTICCDBASEDONLINUX.PCH
D:\WORKSPACE\MULTICCDBASEDONLINUX4 - 副本\DEBUG\MULTICCDBASEDONLINUX.PDB
D:\WORKSPACE\MULTICCDBASEDONLINUX4 - 副本\DEBUG\MULTICCDBASEDONLINUX.RES
D:\WORKSPACE\MULTICCDBASEDONLINUX4 - 副本\DEBUG\MULTICCDBASEDONLINUX.SBR
D:\workspace\MultiCCDBasedOnLinux4 - 副本\Debug\MultiCCDBasedOnLinux.write.1.tlog
D:\workspace\MultiCCDBasedOnLinux4 - 副本\Debug\MultiCCDBasedOnLinux_manifest.rc
D:\WORKSPACE\MULTICCDBASEDONLINUX4 - 副本\DEBUG\MYTHREAD.OBJ
D:\WORKSPACE\MULTICCDBASEDONLINUX4 - 副本\DEBUG\MYTHREAD.SBR
D:\workspace\MultiCCDBasedOnLinux4 - 副本\Debug\rc.command.1.tlog
D:\workspace\MultiCCDBasedOnLinux4 - 副本\Debug\rc.read.1.tlog
D:\workspace\MultiCCDBasedOnLinux4 - 副本\Debug\rc.write.1.tlog
D:\WORKSPACE\MULTICCDBASEDONLINUX4 - 副本\DEBUG\STDAFX.OBJ
D:\WORKSPACE\MULTICCDBASEDONLINUX4 - 副本\DEBUG\STDAFX.SBR
D:\workspace\MultiCCDBasedOnLinux4 - 副本\Debug\vc100.idb
D:\WORKSPACE\MULTICCDBASEDONLINUX4 - 副本\DEBUG\VC100.PDB
