生成启动时间为 2014/2/24 22:05:59。
     1>项目“D:\workspace\MultiCCDBasedOnLinux4\MultiCCDBasedOnLinux.vcxproj”在节点 2 上(build 个目标)。
     1>InitializeBuildStatus:
         正在创建“.\Release\MultiCCDBasedOnLinux.unsuccessfulbuild”，因为已指定“AlwaysCreate”。
       ClCompile:
         所有输出均为最新。
         所有输出均为最新。
       ResourceCompile:
         所有输出均为最新。
       Link:
         所有输出均为最新。
         MultiCCDBasedOnLinux.vcxproj -> D:\workspace\MultiCCDBasedOnLinux4\.\Release\MultiCCDBasedOnLinux.exe
       Manifest:
         所有输出均为最新。
       FinalizeBuildStatus:
         正在删除文件“.\Release\MultiCCDBasedOnLinux.unsuccessfulbuild”。
         正在对“.\Release\MultiCCDBasedOnLinux.lastbuildstate”执行 Touch 任务。
     1>已完成生成项目“D:\workspace\MultiCCDBasedOnLinux4\MultiCCDBasedOnLinux.vcxproj”(build 个目标)的操作。

生成成功。

已用时间 00:00:00.06
